<?xml version="1.0" encoding="UTF-8"?>
<coverage generated="1771726991052" clover="3.2.0">
  <project timestamp="1771726991052" name="All files">
    <metrics statements="9" coveredstatements="4" conditionals="0" coveredconditionals="0" methods="5" coveredmethods="2" elements="14" coveredelements="6" complexity="0" loc="9" ncloc="9" packages="1" files="2" classes="2"/>
    <file name="App.tsx" path="/home/runner/work/stepsight/stepsight/frontend/src/App.tsx">
      <metrics statements="7" coveredstatements="4" conditionals="0" coveredconditionals="0" methods="5" coveredmethods="2"/>
      <line num="4" count="1" type="stmt"/>
      <line num="6" count="1" type="stmt"/>
      <line num="7" count="1" type="stmt"/>
      <line num="8" count="0" type="stmt"/>
      <line num="9" count="0" type="stmt"/>
      <line num="12" count="1" type="stmt"/>
      <line num="17" count="0" type="stmt"/>
    </file>
    <file name="index.tsx" path="/home/runner/work/stepsight/stepsight/frontend/src/index.tsx">
      <metrics statements="2" coveredstatements="0" conditionals="0" coveredconditionals="0" methods="0" coveredmethods="0"/>
      <line num="6" count="0" type="stmt"/>
      <line num="9" count="0" type="stmt"/>
    </file>
  </project>
</coverage>
